#
# There is insufficient memory for the Java Runtime Environment to continue.
# Native memory allocation (malloc) failed to allocate 1048576 bytes for AllocateHeap
# Possible reasons:
#   The system is out of physical RAM or swap space
#   In 32 bit mode, the process size limit was hit
# Possible solutions:
#   Reduce memory load on the system
#   Increase physical memory or swap space
#   Check if swap backing store is full
#   Use 64 bit Java on a 64 bit OS
#   Decrease Java heap size (-Xmx/-Xms)
#   Decrease number of Java threads
#   Decrease Java thread stack sizes (-Xss)
#   Set larger code cache with -XX:ReservedCodeCacheSize=
# This output file may be truncated or incomplete.
#
#  Out of Memory Error (memory/allocation.inline.hpp:61), pid=20768, tid=0x00000000000058e0
#
# JRE version:  (8.0) (build )
# Java VM: OpenJDK 64-Bit Server VM (25.71-b00 mixed mode windows-amd64 compressed oops)
# Failed to write core dump. Minidumps are not enabled by default on client versions of Windows
#

---------------  T H R E A D  ---------------

Current thread (0x0000000002fa2800):  JavaThread "Unknown thread" [_thread_in_vm, id=22752, stack(0x0000000002ea0000,0x0000000002fa0000)]

Stack: [0x0000000002ea0000,0x0000000002fa0000]
[error occurred during error reporting (printing stack bounds), id 0xc0000005]

Native frames: (J=compiled Java code, j=interpreted, Vv=VM code, C=native code)


---------------  P R O C E S S  ---------------

Java Threads: ( => current thread )

Other Threads:

=>0x0000000002fa2800 (exited) JavaThread "Unknown thread" [_thread_in_vm, id=22752, stack(0x0000000002ea0000,0x0000000002fa0000)]

VM state:not at safepoint (normal execution)

VM Mutex/Monitor currently owned by a thread: None

Heap:
 PSYoungGen      total 38400K, used 665K [0x00000000d5b00000, 0x00000000d8580000, 0x0000000100000000)
  eden space 33280K, 2% used [0x00000000d5b00000,0x00000000d5ba6670,0x00000000d7b80000)
  from space 5120K, 0% used [0x00000000d8080000,0x00000000d8080000,0x00000000d8580000)
  to   space 5120K, 0% used [0x00000000d7b80000,0x00000000d7b80000,0x00000000d8080000)
 ParOldGen       total 87552K, used 0K [0x0000000081000000, 0x0000000086580000, 0x00000000d5b00000)
  object space 87552K, 0% used [0x0000000081000000,0x0000000081000000,0x0000000086580000)
 Metaspace       used 777K, capacity 4480K, committed 4480K, reserved 1056768K
  class space    used 74K, capacity 384K, committed 384K, reserved 1048576K

Card table byte_map: [0x0000000012460000,0x0000000012860000] byte_map_base: 0x0000000012058000

Marking Bits: (ParMarkBitMap*) 0x00000000546abe50
 Begin Bits: [0x0000000013310000, 0x00000000152d0000)
 End Bits:   [0x00000000152d0000, 0x0000000017290000)

Polling page: 0x0000000001370000

CodeCache: size=245760Kb used=327Kb max_used=327Kb free=245432Kb
 bounds [0x00000000030a0000, 0x0000000003310000, 0x00000000120a0000]
 total_blobs=56 nmethods=0 adapters=38
 compilation: enabled

Compilation events (0 events):
No events

GC Heap History (0 events):
No events

Deoptimization events (0 events):
No events

Classes redefined (0 events):
No events

Internal exceptions (0 events):
No events

Events (10 events):
Event: 0.017 loading class java/lang/Short
Event: 0.017 loading class java/lang/Short done
Event: 0.017 loading class java/lang/Integer
Event: 0.017 loading class java/lang/Integer done
Event: 0.017 loading class java/lang/Long
Event: 0.017 loading class java/lang/Long done
Event: 0.017 loading class java/lang/NullPointerException
Event: 0.017 loading class java/lang/NullPointerException done
Event: 0.017 loading class java/lang/ArithmeticException
Event: 0.017 loading class java/lang/ArithmeticException done


Dynamic libraries:
0x00007ff7d30b0000 - 0x00007ff7d30e5000 	C:\Program Files\Unity\Hub\Editor\2020.3.1f1\Editor\Data\PlaybackEngines\AndroidPlayer\OpenJDK\bin\java.exe
0x00007ff921570000 - 0x00007ff921765000 	C:\WINDOWS\SYSTEM32\ntdll.dll
0x00007ff920de0000 - 0x00007ff920e9d000 	C:\WINDOWS\System32\KERNEL32.DLL
0x00007ff91f0a0000 - 0x00007ff91f369000 	C:\WINDOWS\System32\KERNELBASE.dll
0x00007ff91f5d0000 - 0x00007ff91f67c000 	C:\WINDOWS\System32\ADVAPI32.dll
0x00007ff91f910000 - 0x00007ff91f9ae000 	C:\WINDOWS\System32\msvcrt.dll
0x00007ff91fbd0000 - 0x00007ff91fc6b000 	C:\WINDOWS\System32\sechost.dll
0x00007ff920980000 - 0x00007ff920aaa000 	C:\WINDOWS\System32\RPCRT4.dll
0x00007ff920ab0000 - 0x00007ff920c50000 	C:\WINDOWS\System32\USER32.dll
0x00007ff91f070000 - 0x00007ff91f092000 	C:\WINDOWS\System32\win32u.dll
0x00007ff920ce0000 - 0x00007ff920d0a000 	C:\WINDOWS\System32\GDI32.dll
0x00007ff91eec0000 - 0x00007ff91efcb000 	C:\WINDOWS\System32\gdi32full.dll
0x00007ff91efd0000 - 0x00007ff91f06d000 	C:\WINDOWS\System32\msvcp_win.dll
0x00007ff91ecd0000 - 0x00007ff91edd0000 	C:\WINDOWS\System32\ucrtbase.dll
0x00007ff8fcea0000 - 0x00007ff8fd13a000 	C:\WINDOWS\WinSxS\amd64_microsoft.windows.common-controls_6595b64144ccf1df_6.0.19041.1110_none_60b5254171f9507e\COMCTL32.dll
0x00007ff91fd80000 - 0x00007ff91fdb0000 	C:\WINDOWS\System32\IMM32.DLL
0x0000000054730000 - 0x0000000054802000 	C:\Program Files\Unity\Hub\Editor\2020.3.1f1\Editor\Data\PlaybackEngines\AndroidPlayer\OpenJDK\jre\bin\msvcr100.dll
0x0000000053ee0000 - 0x0000000054729000 	C:\Program Files\Unity\Hub\Editor\2020.3.1f1\Editor\Data\PlaybackEngines\AndroidPlayer\OpenJDK\jre\bin\server\jvm.dll
0x00007ff920c50000 - 0x00007ff920c58000 	C:\WINDOWS\System32\PSAPI.DLL
0x00007ff91a860000 - 0x00007ff91a869000 	C:\WINDOWS\SYSTEM32\WSOCK32.dll
0x00007ff917ce0000 - 0x00007ff917cea000 	C:\WINDOWS\SYSTEM32\VERSION.dll
0x00007ff9124e0000 - 0x00007ff912507000 	C:\WINDOWS\SYSTEM32\WINMM.dll
0x00007ff9214c0000 - 0x00007ff92152b000 	C:\WINDOWS\System32\WS2_32.dll
0x00007ff914620000 - 0x00007ff91462f000 	C:\Program Files\Unity\Hub\Editor\2020.3.1f1\Editor\Data\PlaybackEngines\AndroidPlayer\OpenJDK\jre\bin\verify.dll
0x00007ff8e3550000 - 0x00007ff8e3579000 	C:\Program Files\Unity\Hub\Editor\2020.3.1f1\Editor\Data\PlaybackEngines\AndroidPlayer\OpenJDK\jre\bin\java.dll
0x00007ff8e30f0000 - 0x00007ff8e3106000 	C:\Program Files\Unity\Hub\Editor\2020.3.1f1\Editor\Data\PlaybackEngines\AndroidPlayer\OpenJDK\jre\bin\zip.dll

VM Arguments:
jvm_args: -Dfile.encoding=UTF-8 
java_command: <unknown>
java_class_path (initial): .
Launcher Type: SUN_STANDARD

Environment Variables:
JAVA_HOME=C:\Program Files\Unity\Hub\Editor\2020.3.1f1\Editor\Data\PlaybackEngines\AndroidPlayer\OpenJDK
JAVA_TOOL_OPTIONS=-Dfile.encoding=UTF-8
PATH=C:\Program Files\Oculus\Support\oculus-runtime;C:\Windows\system32;C:\Windows;C:\Windows\System32\Wbem;C:\Windows\System32\WindowsPowerShell\v1.0\;C:\Windows\System32\OpenSSH\;C:\Program Files (x86)\NVIDIA Corporation\PhysX\Common;C:\Program Files\NVIDIA Corporation\NVIDIA NvDLISR;C:\WINDOWS\system32;C:\WINDOWS;C:\WINDOWS\System32\Wbem;C:\WINDOWS\System32\WindowsPowerShell\v1.0\;C:\WINDOWS\System32\OpenSSH\;C:\Users\Oculus2\AppData\Local\Microsoft\WindowsApps;
USERNAME=Oculus2
OS=Windows_NT
PROCESSOR_IDENTIFIER=AMD64 Family 23 Model 17 Stepping 0, AuthenticAMD



---------------  S Y S T E M  ---------------

OS: Windows 10.0 , 64 bit Build 19041 (10.0.19041.1151)

CPU:total 8 (initial active 8) (8 cores per cpu, 1 threads per core) family 23 model 17 stepping 0, cmov, cx8, fxsr, mmx, sse, sse2, sse3, ssse3, sse4.1, sse4.2, popcnt, avx, avx2, aes, clmul, mmxext, 3dnowpref, lzcnt, sse4a, tsc, tscinvbit, tscinv, bmi1

Memory: 4k page, physical 8315192k(1128800k free), swap 22885940k(5796k free)

vm_info: OpenJDK 64-Bit Server VM (25.71-b00) for windows-amd64 JRE (1.8.0-adoptopenjdk-_2018_05_19_00_59-b00), built on May 19 2018 01:02:12 by "jenkins" with MS VC++ 10.0 (VS2010)

time: Fri Sep 10 16:03:11 2021
elapsed time: 0 seconds (0d 0h 0m 0s)

